Started GET "/" for 127.0.0.1 at 2020-09-14 21:25:57 +0900
Processing by Rails::WelcomeController#index as HTML
  Rendering /Users/takeuchiyuki/.rbenv/gems/2.5.0/gems/railties-5.1.6/lib/rails/templates/rails/welcome/index.html.erb
  Rendered /Users/takeuchiyuki/.rbenv/gems/2.5.0/gems/railties-5.1.6/lib/rails/templates/rails/welcome/index.html.erb (3.3ms)
Completed 200 OK in 242ms (Views: 11.9ms)


Started GET "/" for 127.0.0.1 at 2020-09-14 22:06:06 +0900
Processing by ApplicationController#hello as HTML
  Rendering html template
  Rendered html template (0.0ms)
Completed 200 OK in 3ms (Views: 2.9ms)


Started GET "/" for 127.0.0.1 at 2020-09-14 22:28:52 +0900
Processing by ApplicationController#hello as HTML
  Rendering html template
  Rendered html template (0.0ms)
Completed 200 OK in 1ms (Views: 0.5ms)


Started GET "/" for 127.0.0.1 at 2020-09-14 22:28:53 +0900
Processing by ApplicationController#hello as HTML
  Rendering html template
  Rendered html template (0.0ms)
Completed 200 OK in 1ms (Views: 0.8ms)


Started GET "/" for 127.0.0.1 at 2020-09-14 22:28:53 +0900
Processing by ApplicationController#hello as HTML
  Rendering html template
  Rendered html template (0.0ms)
Completed 200 OK in 1ms (Views: 0.7ms)


Started GET "/" for 127.0.0.1 at 2020-09-14 22:28:53 +0900
Processing by ApplicationController#hello as HTML
  Rendering html template
  Rendered html template (0.0ms)
Completed 200 OK in 1ms (Views: 0.5ms)


